Cycle1257 648325000ps-648375000ps
(->361) testbench.chip.picosocInst_cpu.count_cycle_reg_0_Q (->1)
(->324) testbench.chip.picosocInst_cpu.reg_sh_reg_0_Q (->1)
(->335) testbench.chip.picosocInst_cpu.reg_sh_reg_1_Q (->1)
(->392) testbench.chip.picosocInst_cpu.cpu_state_reg_3_Q (->1)
(->470) testbench.chip.picosocInst_cpu.mem_do_rinst_reg_Q (->1)
(->414) testbench.chip.picosocInst_cpu.mem_state_reg_0_Q (->1)
(->457) testbench.chip.picosocInst_cpu.cpu_state_reg_5_Q (->0)
(->321) testbench.chip.picosocInst_cpu.mem_instr_reg_Q (->1)
(->348) testbench.chip.picosocInst_cpu.mem_valid_reg_Q (->1)
(->424) testbench.chip.picosocInst_cpu.mem_addr_reg_11_Q (->0)
(->1039) testbench.chip.picosocInst_cpu.mem_addr_reg_10_Q (->1)
(->1042) testbench.chip.picosocInst_cpu.mem_addr_reg_9_Q (->1)
(->416) testbench.chip.picosocInst_cpu.mem_addr_reg_7_Q (->0)
(->416) testbench.chip.picosocInst_cpu.mem_addr_reg_6_Q (->0)
(->351) testbench.chip.picosocInst_cpu.mem_addr_reg_5_Q (->1)
(->334) testbench.chip.picosocInst_cpu.reg_op2_reg_0_Q (->1)
(->601) testbench.chip.picosocInst_cpu.reg_op1_reg_11_Q (->0)
(->561) testbench.chip.picosocInst_cpu.reg_op1_reg_8_Q (->0)
(->597) testbench.chip.picosocInst_cpu.reg_op1_reg_6_Q (->0)
(->566) testbench.chip.picosocInst_cpu.reg_op1_reg_4_Q (->0)
(->583) testbench.chip.picosocInst_cpu.reg_op1_reg_7_Q (->0)
(->1044) testbench.chip.picosocInst_cpu.reg_op2_reg_1_Q (->1)
(->477) testbench.chip.picosocInst_cpu.reg_op1_reg_1_Q (->0)
(->466) testbench.chip.picosocInst_cpu.reg_op1_reg_0_Q (->0)
